****************************************************

Info:  Net Ref:/WORK/SYS_TOP_DFT/SO is undriven.
Info:  Net Imp:/WORK/ALU_DW01_sub_0/CO is undriven.
Info:  Net Imp:/WORK/ALU_DW01_add_0/CO is undriven.
Info:  Net Imp:/WORK/ALU_DW01_add_1/CO is undriven.
Info:  Net Imp:/WORK/ALU_DW_div_uns_1/remainder[7] is undriven.
Info:  Net Imp:/WORK/ALU_DW_div_uns_1/remainder[6] is undriven.
Info:  Net Imp:/WORK/ALU_DW_div_uns_1/remainder[5] is undriven.
Info:  Net Imp:/WORK/ALU_DW_div_uns_1/remainder[4] is undriven.
Info:  Net Imp:/WORK/ALU_DW_div_uns_1/remainder[3] is undriven.
Info:  Net Imp:/WORK/ALU_DW_div_uns_1/remainder[2] is undriven.
Info:  Net Imp:/WORK/ALU_DW_div_uns_1/remainder[1] is undriven.
Info:  Net Imp:/WORK/ALU_DW_div_uns_1/remainder[0] is undriven.
Info:  Net Imp:/WORK/ALU_DW_div_uns_1/divide_by_0 is undriven.
Info:  guide_uniquify 86 (Line: 653)  Cannot find object "ClkDiv_RX_BLOCK/U10" in design 'SYS_TOP_DFT'.
Info:  SVF Operation 86 (Line: 653) - uniquify.  Status: rejected
Info:  guide_uniquify 86 (Line: 653)  Cannot find object "ClkDiv_TX_BLOCK/U10" in design 'SYS_TOP_DFT'.
Info:  guide_uniquify 86 (Line: 653)  Cannot find object "mux_RX_CLK/U1" in design 'SYS_TOP_DFT'.
Info:  guide_uniquify 86 (Line: 653)  Cannot find object "mux_TX_CLK/U1" in design 'SYS_TOP_DFT'.
Info:  guide_uniquify 86 (Line: 653)  Cannot find object "mux_RST_SYNC_BLOCK_U2/U1" in design 'SYS_TOP_DFT'.
Info:  guide_uniquify 86 (Line: 653)  Cannot find object "mux_RST_SYNC_BLOCK_U1/U1" in design 'SYS_TOP_DFT'.
Info:  guide_uniquify 86 (Line: 653)  Cannot find object "mux_RST/U1" in design 'SYS_TOP_DFT'.
Info:  guide_uniquify 86 (Line: 653)  Cannot find object "mux_ref/U1" in design 'SYS_TOP_DFT'.
Info:  guide_uniquify 86 (Line: 653)  Cannot find object "mux_uart/U1" in design 'SYS_TOP_DFT'.
Info:  guide_uniquify 94 (Line: 707)  Cannot find object "ALU_BLOCK/dp_cluster_0/mult_40" in design 'SYS_TOP_DFT'.
Info:  Pre-verification of Ref:/WORK/ALU/div_43 SUCCEEDED.
Info:  Pre-verification of Ref:/WORK/ALU/mult_40 SUCCEEDED.
****************************************************

