                                        
                           Design Compiler Graphical 
                                 DC Ultra (TM)
                                  DFTMAX (TM)
                              Power Compiler (TM)
                                 DesignWare (R)
                                 DC Expert (TM)
                               Design Vision (TM)
                               HDL Compiler (TM)
                               VHDL Compiler (TM)
                                  DFT Compiler
                               Design Compiler(R)
                                        
                 Version K-2015.06 for linux64 - May 28, 2015 
                                        
                    Copyright (c) 1988 - 2015 Synopsys, Inc.
   This software and the associated documentation are proprietary to Synopsys,
 Inc. This software may only be used in accordance with the terms and conditions
 of a written license agreement with Synopsys, Inc. All other use, reproduction,
            or distribution of this software is strictly prohibited.
Initializing...
Initializing gui preferences from file  /home/IC/.synopsys_dv_prefs.tcl
########################### Define Top Module ############################
set top_module SYS_TOP
SYS_TOP
##################### Define Working Library Directory ######################
define_design_lib work -path ./work
1
############################# Formality Setup File ##########################
set_svf $top_module.svf
1
################## Design Compiler Library Files #setup ######################
puts "###########################################"
###########################################
puts "#      #setting Design Libraries          #"
#      #setting Design Libraries          #
puts "###########################################"
###########################################
#Add the path of the libraries and RTL files to the search_path variable
set PROJECT_PATH /home/IC/Projects/System/
/home/IC/Projects/System/
set LIB_PATH     /home/IC/tsmc_fb_cl013g_sc/aci/sc-m
/home/IC/tsmc_fb_cl013g_sc/aci/sc-m
lappend search_path $LIB_PATH/synopsys
. /opt/Synopsys/Synplify2015/libraries/syn /opt/Synopsys/Synplify2015/minpower/syn /opt/Synopsys/Synplify2015/dw/syn_ver /opt/Synopsys/Synplify2015/dw/sim_ver /home/IC/tsmc_fb_cl013g_sc/aci/sc-m/synopsys
lappend search_path $PROJECT_PATH/RTL/ALU
. /opt/Synopsys/Synplify2015/libraries/syn /opt/Synopsys/Synplify2015/minpower/syn /opt/Synopsys/Synplify2015/dw/syn_ver /opt/Synopsys/Synplify2015/dw/sim_ver /home/IC/tsmc_fb_cl013g_sc/aci/sc-m/synopsys /home/IC/Projects/System//RTL/ALU
lappend search_path $PROJECT_PATH/RTL/ASYNC_FIFO
. /opt/Synopsys/Synplify2015/libraries/syn /opt/Synopsys/Synplify2015/minpower/syn /opt/Synopsys/Synplify2015/dw/syn_ver /opt/Synopsys/Synplify2015/dw/sim_ver /home/IC/tsmc_fb_cl013g_sc/aci/sc-m/synopsys /home/IC/Projects/System//RTL/ALU /home/IC/Projects/System//RTL/ASYNC_FIFO
lappend search_path $PROJECT_PATH/RTL/Clock_Divider
. /opt/Synopsys/Synplify2015/libraries/syn /opt/Synopsys/Synplify2015/minpower/syn /opt/Synopsys/Synplify2015/dw/syn_ver /opt/Synopsys/Synplify2015/dw/sim_ver /home/IC/tsmc_fb_cl013g_sc/aci/sc-m/synopsys /home/IC/Projects/System//RTL/ALU /home/IC/Projects/System//RTL/ASYNC_FIFO /home/IC/Projects/System//RTL/Clock_Divider
lappend search_path $PROJECT_PATH/RTL/Clock_Gating
. /opt/Synopsys/Synplify2015/libraries/syn /opt/Synopsys/Synplify2015/minpower/syn /opt/Synopsys/Synplify2015/dw/syn_ver /opt/Synopsys/Synplify2015/dw/sim_ver /home/IC/tsmc_fb_cl013g_sc/aci/sc-m/synopsys /home/IC/Projects/System//RTL/ALU /home/IC/Projects/System//RTL/ASYNC_FIFO /home/IC/Projects/System//RTL/Clock_Divider /home/IC/Projects/System//RTL/Clock_Gating
lappend search_path $PROJECT_PATH/RTL/DATA_SYNC
. /opt/Synopsys/Synplify2015/libraries/syn /opt/Synopsys/Synplify2015/minpower/syn /opt/Synopsys/Synplify2015/dw/syn_ver /opt/Synopsys/Synplify2015/dw/sim_ver /home/IC/tsmc_fb_cl013g_sc/aci/sc-m/synopsys /home/IC/Projects/System//RTL/ALU /home/IC/Projects/System//RTL/ASYNC_FIFO /home/IC/Projects/System//RTL/Clock_Divider /home/IC/Projects/System//RTL/Clock_Gating /home/IC/Projects/System//RTL/DATA_SYNC
lappend search_path $PROJECT_PATH/RTL/RegFile
. /opt/Synopsys/Synplify2015/libraries/syn /opt/Synopsys/Synplify2015/minpower/syn /opt/Synopsys/Synplify2015/dw/syn_ver /opt/Synopsys/Synplify2015/dw/sim_ver /home/IC/tsmc_fb_cl013g_sc/aci/sc-m/synopsys /home/IC/Projects/System//RTL/ALU /home/IC/Projects/System//RTL/ASYNC_FIFO /home/IC/Projects/System//RTL/Clock_Divider /home/IC/Projects/System//RTL/Clock_Gating /home/IC/Projects/System//RTL/DATA_SYNC /home/IC/Projects/System//RTL/RegFile
lappend search_path $PROJECT_PATH/RTL/PULSE_GEN
. /opt/Synopsys/Synplify2015/libraries/syn /opt/Synopsys/Synplify2015/minpower/syn /opt/Synopsys/Synplify2015/dw/syn_ver /opt/Synopsys/Synplify2015/dw/sim_ver /home/IC/tsmc_fb_cl013g_sc/aci/sc-m/synopsys /home/IC/Projects/System//RTL/ALU /home/IC/Projects/System//RTL/ASYNC_FIFO /home/IC/Projects/System//RTL/Clock_Divider /home/IC/Projects/System//RTL/Clock_Gating /home/IC/Projects/System//RTL/DATA_SYNC /home/IC/Projects/System//RTL/RegFile /home/IC/Projects/System//RTL/PULSE_GEN
lappend search_path $PROJECT_PATH/RTL/RST_SYNC
. /opt/Synopsys/Synplify2015/libraries/syn /opt/Synopsys/Synplify2015/minpower/syn /opt/Synopsys/Synplify2015/dw/syn_ver /opt/Synopsys/Synplify2015/dw/sim_ver /home/IC/tsmc_fb_cl013g_sc/aci/sc-m/synopsys /home/IC/Projects/System//RTL/ALU /home/IC/Projects/System//RTL/ASYNC_FIFO /home/IC/Projects/System//RTL/Clock_Divider /home/IC/Projects/System//RTL/Clock_Gating /home/IC/Projects/System//RTL/DATA_SYNC /home/IC/Projects/System//RTL/RegFile /home/IC/Projects/System//RTL/PULSE_GEN /home/IC/Projects/System//RTL/RST_SYNC
lappend search_path $PROJECT_PATH/RTL/SYS_CTRL
. /opt/Synopsys/Synplify2015/libraries/syn /opt/Synopsys/Synplify2015/minpower/syn /opt/Synopsys/Synplify2015/dw/syn_ver /opt/Synopsys/Synplify2015/dw/sim_ver /home/IC/tsmc_fb_cl013g_sc/aci/sc-m/synopsys /home/IC/Projects/System//RTL/ALU /home/IC/Projects/System//RTL/ASYNC_FIFO /home/IC/Projects/System//RTL/Clock_Divider /home/IC/Projects/System//RTL/Clock_Gating /home/IC/Projects/System//RTL/DATA_SYNC /home/IC/Projects/System//RTL/RegFile /home/IC/Projects/System//RTL/PULSE_GEN /home/IC/Projects/System//RTL/RST_SYNC /home/IC/Projects/System//RTL/SYS_CTRL
lappend search_path $PROJECT_PATH/RTL/CLKDIV_MUX
. /opt/Synopsys/Synplify2015/libraries/syn /opt/Synopsys/Synplify2015/minpower/syn /opt/Synopsys/Synplify2015/dw/syn_ver /opt/Synopsys/Synplify2015/dw/sim_ver /home/IC/tsmc_fb_cl013g_sc/aci/sc-m/synopsys /home/IC/Projects/System//RTL/ALU /home/IC/Projects/System//RTL/ASYNC_FIFO /home/IC/Projects/System//RTL/Clock_Divider /home/IC/Projects/System//RTL/Clock_Gating /home/IC/Projects/System//RTL/DATA_SYNC /home/IC/Projects/System//RTL/RegFile /home/IC/Projects/System//RTL/PULSE_GEN /home/IC/Projects/System//RTL/RST_SYNC /home/IC/Projects/System//RTL/SYS_CTRL /home/IC/Projects/System//RTL/CLKDIV_MUX
lappend search_path $PROJECT_PATH/RTL/UART/UART_RX
. /opt/Synopsys/Synplify2015/libraries/syn /opt/Synopsys/Synplify2015/minpower/syn /opt/Synopsys/Synplify2015/dw/syn_ver /opt/Synopsys/Synplify2015/dw/sim_ver /home/IC/tsmc_fb_cl013g_sc/aci/sc-m/synopsys /home/IC/Projects/System//RTL/ALU /home/IC/Projects/System//RTL/ASYNC_FIFO /home/IC/Projects/System//RTL/Clock_Divider /home/IC/Projects/System//RTL/Clock_Gating /home/IC/Projects/System//RTL/DATA_SYNC /home/IC/Projects/System//RTL/RegFile /home/IC/Projects/System//RTL/PULSE_GEN /home/IC/Projects/System//RTL/RST_SYNC /home/IC/Projects/System//RTL/SYS_CTRL /home/IC/Projects/System//RTL/CLKDIV_MUX /home/IC/Projects/System//RTL/UART/UART_RX
lappend search_path $PROJECT_PATH/RTL/UART/UART_TX
. /opt/Synopsys/Synplify2015/libraries/syn /opt/Synopsys/Synplify2015/minpower/syn /opt/Synopsys/Synplify2015/dw/syn_ver /opt/Synopsys/Synplify2015/dw/sim_ver /home/IC/tsmc_fb_cl013g_sc/aci/sc-m/synopsys /home/IC/Projects/System//RTL/ALU /home/IC/Projects/System//RTL/ASYNC_FIFO /home/IC/Projects/System//RTL/Clock_Divider /home/IC/Projects/System//RTL/Clock_Gating /home/IC/Projects/System//RTL/DATA_SYNC /home/IC/Projects/System//RTL/RegFile /home/IC/Projects/System//RTL/PULSE_GEN /home/IC/Projects/System//RTL/RST_SYNC /home/IC/Projects/System//RTL/SYS_CTRL /home/IC/Projects/System//RTL/CLKDIV_MUX /home/IC/Projects/System//RTL/UART/UART_RX /home/IC/Projects/System//RTL/UART/UART_TX
lappend search_path $PROJECT_PATH/RTL/UART/UART_TOP
. /opt/Synopsys/Synplify2015/libraries/syn /opt/Synopsys/Synplify2015/minpower/syn /opt/Synopsys/Synplify2015/dw/syn_ver /opt/Synopsys/Synplify2015/dw/sim_ver /home/IC/tsmc_fb_cl013g_sc/aci/sc-m/synopsys /home/IC/Projects/System//RTL/ALU /home/IC/Projects/System//RTL/ASYNC_FIFO /home/IC/Projects/System//RTL/Clock_Divider /home/IC/Projects/System//RTL/Clock_Gating /home/IC/Projects/System//RTL/DATA_SYNC /home/IC/Projects/System//RTL/RegFile /home/IC/Projects/System//RTL/PULSE_GEN /home/IC/Projects/System//RTL/RST_SYNC /home/IC/Projects/System//RTL/SYS_CTRL /home/IC/Projects/System//RTL/CLKDIV_MUX /home/IC/Projects/System//RTL/UART/UART_RX /home/IC/Projects/System//RTL/UART/UART_TX /home/IC/Projects/System//RTL/UART/UART_TOP
lappend search_path $PROJECT_PATH/RTL/Top
. /opt/Synopsys/Synplify2015/libraries/syn /opt/Synopsys/Synplify2015/minpower/syn /opt/Synopsys/Synplify2015/dw/syn_ver /opt/Synopsys/Synplify2015/dw/sim_ver /home/IC/tsmc_fb_cl013g_sc/aci/sc-m/synopsys /home/IC/Projects/System//RTL/ALU /home/IC/Projects/System//RTL/ASYNC_FIFO /home/IC/Projects/System//RTL/Clock_Divider /home/IC/Projects/System//RTL/Clock_Gating /home/IC/Projects/System//RTL/DATA_SYNC /home/IC/Projects/System//RTL/RegFile /home/IC/Projects/System//RTL/PULSE_GEN /home/IC/Projects/System//RTL/RST_SYNC /home/IC/Projects/System//RTL/SYS_CTRL /home/IC/Projects/System//RTL/CLKDIV_MUX /home/IC/Projects/System//RTL/UART/UART_RX /home/IC/Projects/System//RTL/UART/UART_TX /home/IC/Projects/System//RTL/UART/UART_TOP /home/IC/Projects/System//RTL/Top
set SSLIB "scmetro_tsmc_cl013g_rvt_ss_1p08v_125c.db"
scmetro_tsmc_cl013g_rvt_ss_1p08v_125c.db
set TTLIB "scmetro_tsmc_cl013g_rvt_tt_1p2v_25c.db"
scmetro_tsmc_cl013g_rvt_tt_1p2v_25c.db
set FFLIB "scmetro_tsmc_cl013g_rvt_ff_1p32v_m40c.db"
scmetro_tsmc_cl013g_rvt_ff_1p32v_m40c.db
## Standard Cell libraries 
set target_library [list $SSLIB $TTLIB $FFLIB]
scmetro_tsmc_cl013g_rvt_ss_1p08v_125c.db scmetro_tsmc_cl013g_rvt_tt_1p2v_25c.db scmetro_tsmc_cl013g_rvt_ff_1p32v_m40c.db
## Standard Cell & Hard Macros libraries 
set link_library [list * $SSLIB $TTLIB $FFLIB]  
* scmetro_tsmc_cl013g_rvt_ss_1p08v_125c.db scmetro_tsmc_cl013g_rvt_tt_1p2v_25c.db scmetro_tsmc_cl013g_rvt_ff_1p32v_m40c.db
######################## Reading RTL Files #################################
puts "###########################################"
###########################################
puts "#             Reading RTL Files           #"
#             Reading RTL Files           #
puts "###########################################"
###########################################
set file_format verilog
verilog
set file_format2 sverilog
sverilog
#ALU
analyze -format $file_format ALU.v
Running PRESTO HDLC
Compiling source file /home/IC/Projects/System//RTL/ALU/ALU.v
Presto compilation completed successfully.
Loading db file '/home/IC/tsmc_fb_cl013g_sc/aci/sc-m/synopsys/scmetro_tsmc_cl013g_rvt_ss_1p08v_125c.db'
Loading db file '/home/IC/tsmc_fb_cl013g_sc/aci/sc-m/synopsys/scmetro_tsmc_cl013g_rvt_tt_1p2v_25c.db'
Loading db file '/home/IC/tsmc_fb_cl013g_sc/aci/sc-m/synopsys/scmetro_tsmc_cl013g_rvt_ff_1p32v_m40c.db'
1
#FIFO
analyze -format $file_format DF_SYNC.v
Running PRESTO HDLC
Compiling source file /home/IC/Projects/System//RTL/ASYNC_FIFO/DF_SYNC.v
Presto compilation completed successfully.
1
analyze -format $file_format FIFO_MEM_CNTRL.v
Running PRESTO HDLC
Compiling source file /home/IC/Projects/System//RTL/ASYNC_FIFO/FIFO_MEM_CNTRL.v
Presto compilation completed successfully.
1
analyze -format $file_format FIFO_RD.v
Running PRESTO HDLC
Compiling source file /home/IC/Projects/System//RTL/ASYNC_FIFO/FIFO_RD.v
Presto compilation completed successfully.
1
analyze -format $file_format FIFO_WR.v
Running PRESTO HDLC
Compiling source file /home/IC/Projects/System//RTL/ASYNC_FIFO/FIFO_WR.v
Presto compilation completed successfully.
1
analyze -format $file_format FIFO_TOP.v
Running PRESTO HDLC
Compiling source file /home/IC/Projects/System//RTL/ASYNC_FIFO/FIFO_TOP.v
Presto compilation completed successfully.
1
#CLK_DIVIDER MUX
analyze -format $file_format CLK_DIV_MUX.v
Running PRESTO HDLC
Compiling source file /home/IC/Projects/System//RTL/CLKDIV_MUX/CLK_DIV_MUX.v
Presto compilation completed successfully.
1
#CLK_DIVIDER
analyze -format $file_format ClkDiv.v
Running PRESTO HDLC
Compiling source file /home/IC/Projects/System//RTL/Clock_Divider/ClkDiv.v
Presto compilation completed successfully.
1
#CLK_GATING
analyze -format $file_format CLK_GATE.v
Running PRESTO HDLC
Compiling source file /home/IC/Projects/System//RTL/Clock_Gating/CLK_GATE.v
Presto compilation completed successfully.
1
#DATA_SYNC
analyze -format $file_format Data_Sync.v
Running PRESTO HDLC
Compiling source file /home/IC/Projects/System//RTL/DATA_SYNC/Data_Sync.v
Presto compilation completed successfully.
1
#REGISTER_FILE
analyze -format $file_format register.v
Running PRESTO HDLC
Compiling source file /home/IC/Projects/System//RTL/RegFile/register.v
Presto compilation completed successfully.
1
#PULSE_GENERATOR
analyze -format $file_format PULSE_GEN.v
Running PRESTO HDLC
Compiling source file /home/IC/Projects/System//RTL/PULSE_GEN/PULSE_GEN.v
Presto compilation completed successfully.
1
#RST_SYNC
analyze -format $file_format RST_SYNC.v
Running PRESTO HDLC
Compiling source file /home/IC/Projects/System//RTL/RST_SYNC/RST_SYNC.v
Presto compilation completed successfully.
1
#SYS_CONTROLLER
analyze -format $file_format2 SYS_CTRL.sv
Running PRESTO HDLC
Compiling source file /home/IC/Projects/System//RTL/SYS_CTRL/SYS_CTRL.sv
Presto compilation completed successfully.
1
#UART_RX
analyze -format $file_format data_sampling.v
Running PRESTO HDLC
Compiling source file /home/IC/Projects/System//RTL/UART/UART_RX/data_sampling.v
Presto compilation completed successfully.
1
analyze -format $file_format deserializer.v
Running PRESTO HDLC
Compiling source file /home/IC/Projects/System//RTL/UART/UART_RX/deserializer.v
Presto compilation completed successfully.
1
analyze -format $file_format edge_bit_counter.v
Running PRESTO HDLC
Compiling source file /home/IC/Projects/System//RTL/UART/UART_RX/edge_bit_counter.v
Presto compilation completed successfully.
1
analyze -format $file_format2 FSM.sv
Running PRESTO HDLC
Compiling source file /home/IC/Projects/System//RTL/UART/UART_RX/FSM.sv
Presto compilation completed successfully.
1
analyze -format $file_format parity_check.v
Running PRESTO HDLC
Compiling source file /home/IC/Projects/System//RTL/UART/UART_RX/parity_check.v
Presto compilation completed successfully.
1
analyze -format $file_format stop_check.v
Running PRESTO HDLC
Compiling source file /home/IC/Projects/System//RTL/UART/UART_RX/stop_check.v
Presto compilation completed successfully.
1
analyze -format $file_format strt_check.v
Running PRESTO HDLC
Compiling source file /home/IC/Projects/System//RTL/UART/UART_RX/strt_check.v
Presto compilation completed successfully.
1
analyze -format $file_format UART_RX.v
Running PRESTO HDLC
Compiling source file /home/IC/Projects/System//RTL/UART/UART_RX/UART_RX.v
Presto compilation completed successfully.
1
#UART_TX
analyze -format $file_format2 fsm.sv
Running PRESTO HDLC
Compiling source file /home/IC/Projects/System//RTL/UART/UART_TX/fsm.sv
Presto compilation completed successfully.
1
analyze -format $file_format MUX.v
Running PRESTO HDLC
Compiling source file /home/IC/Projects/System//RTL/UART/UART_TX/MUX.v
Presto compilation completed successfully.
1
analyze -format $file_format parityCalc.v
Running PRESTO HDLC
Compiling source file /home/IC/Projects/System//RTL/UART/UART_TX/parityCalc.v
Presto compilation completed successfully.
1
analyze -format $file_format serializer.v
Running PRESTO HDLC
Compiling source file /home/IC/Projects/System//RTL/UART/UART_TX/serializer.v
Presto compilation completed successfully.
1
analyze -format $file_format UART_TX.v
Running PRESTO HDLC
Compiling source file /home/IC/Projects/System//RTL/UART/UART_TX/UART_TX.v
Presto compilation completed successfully.
1
#UART_TOP
analyze -format $file_format UART_TOP.v
Running PRESTO HDLC
Compiling source file /home/IC/Projects/System//RTL/UART/UART_TOP/UART_TOP.v
Presto compilation completed successfully.
1
#SYS_TOP
analyze -format $file_format SYS_TOP.v
Running PRESTO HDLC
Compiling source file /home/IC/Projects/System//RTL/Top/SYS_TOP.v
Presto compilation completed successfully.
1
elaborate -lib WORK SYS_TOP
Loading db file '/opt/Synopsys/Synplify2015/libraries/syn/gtech.db'
Loading db file '/opt/Synopsys/Synplify2015/libraries/syn/standard.sldb'
  Loading link library 'scmetro_tsmc_cl013g_rvt_ss_1p08v_125c'
  Loading link library 'scmetro_tsmc_cl013g_rvt_tt_1p2v_25c'
  Loading link library 'scmetro_tsmc_cl013g_rvt_ff_1p32v_m40c'
  Loading link library 'gtech'
Running PRESTO HDLC
Presto compilation completed successfully.
Elaborated 1 design.
Current design is now 'SYS_TOP'.
Information: Building the design 'RST_SYNC'. (HDL-193)

Inferred memory devices in process
	in routine RST_SYNC line 8 in file
		'/home/IC/Projects/System//RTL/RST_SYNC/RST_SYNC.v'.
===============================================================================
|    Register Name    |   Type    | Width | Bus | MB | AR | AS | SR | SS | ST |
===============================================================================
|       ff_reg        | Flip-flop |   2   |  Y  | N  | Y  | N  | N  | N  | N  |
===============================================================================
Presto compilation completed successfully.
Information: Building the design 'Data_Sync'. (HDL-193)

Inferred memory devices in process
	in routine Data_Sync line 15 in file
		'/home/IC/Projects/System//RTL/DATA_SYNC/Data_Sync.v'.
===============================================================================
|    Register Name    |   Type    | Width | Bus | MB | AR | AS | SR | SS | ST |
===============================================================================
| Multi_Flip_Flop_reg | Flip-flop |   2   |  Y  | N  | Y  | N  | N  | N  | N  |
===============================================================================

Inferred memory devices in process
	in routine Data_Sync line 23 in file
		'/home/IC/Projects/System//RTL/DATA_SYNC/Data_Sync.v'.
===============================================================================
|    Register Name    |   Type    | Width | Bus | MB | AR | AS | SR | SS | ST |
===============================================================================
|  Pulse_Gen_ff_reg   | Flip-flop |   1   |  N  | N  | Y  | N  | N  | N  | N  |
|  enable_pulse_reg   | Flip-flop |   1   |  N  | N  | Y  | N  | N  | N  | N  |
===============================================================================

Inferred memory devices in process
	in routine Data_Sync line 33 in file
		'/home/IC/Projects/System//RTL/DATA_SYNC/Data_Sync.v'.
===============================================================================
|    Register Name    |   Type    | Width | Bus | MB | AR | AS | SR | SS | ST |
===============================================================================
|    sync_bus_reg     | Flip-flop |   8   |  Y  | N  | Y  | N  | N  | N  | N  |
===============================================================================
Presto compilation completed successfully.
Information: Building the design 'FIFO_TOP'. (HDL-193)
Presto compilation completed successfully.
Information: Building the design 'PULSE_GEN'. (HDL-193)

Inferred memory devices in process
	in routine PULSE_GEN line 11 in file
		'/home/IC/Projects/System//RTL/PULSE_GEN/PULSE_GEN.v'.
===============================================================================
|    Register Name    |   Type    | Width | Bus | MB | AR | AS | SR | SS | ST |
===============================================================================
|    rcv_flop_reg     | Flip-flop |   1   |  N  | N  | Y  | N  | N  | N  | N  |
|    pls_flop_reg     | Flip-flop |   1   |  N  | N  | Y  | N  | N  | N  | N  |
===============================================================================
Presto compilation completed successfully.
Information: Building the design 'ClkDiv'. (HDL-193)

Inferred memory devices in process
	in routine ClkDiv line 21 in file
		'/home/IC/Projects/System//RTL/Clock_Divider/ClkDiv.v'.
===============================================================================
|    Register Name    |   Type    | Width | Bus | MB | AR | AS | SR | SS | ST |
===============================================================================
|      flag_reg       | Flip-flop |   1   |  N  | N  | Y  | N  | N  | N  | N  |
|      o_clk_reg      | Flip-flop |   1   |  N  | N  | Y  | N  | N  | N  | N  |
|     counter_reg     | Flip-flop |   5   |  Y  | N  | Y  | N  | N  | N  | N  |
===============================================================================
Presto compilation completed successfully.
Information: Building the design 'CLKDIV_MUX'. (HDL-193)

Statistics for case statements in always block at line 6 in file
	'/home/IC/Projects/System//RTL/CLKDIV_MUX/CLK_DIV_MUX.v'
===============================================
|           Line           |  full/ parallel  |
===============================================
|            8             |    auto/auto     |
===============================================
Presto compilation completed successfully.
Information: Building the design 'UART_TOP'. (HDL-193)
Presto compilation completed successfully.
Information: Building the design 'SYS_CTRL'. (HDL-193)

Statistics for case statements in always block at line 53 in file
	'/home/IC/Projects/System//RTL/SYS_CTRL/SYS_CTRL.sv'
===============================================
|           Line           |  full/ parallel  |
===============================================
|            54            |    auto/auto     |
===============================================

Statistics for case statements in always block at line 149 in file
	'/home/IC/Projects/System//RTL/SYS_CTRL/SYS_CTRL.sv'
===============================================
|           Line           |  full/ parallel  |
===============================================
|           163            |    auto/auto     |
===============================================

Inferred memory devices in process
	in routine SYS_CTRL line 45 in file
		'/home/IC/Projects/System//RTL/SYS_CTRL/SYS_CTRL.sv'.
===============================================================================
|    Register Name    |   Type    | Width | Bus | MB | AR | AS | SR | SS | ST |
===============================================================================
|  current_state_reg  | Flip-flop |   4   |  Y  | N  | Y  | N  | N  | N  | N  |
===============================================================================

Inferred memory devices in process
	in routine SYS_CTRL line 259 in file
		'/home/IC/Projects/System//RTL/SYS_CTRL/SYS_CTRL.sv'.
===============================================================================
|    Register Name    |   Type    | Width | Bus | MB | AR | AS | SR | SS | ST |
===============================================================================
|     Address_reg     | Flip-flop |   4   |  Y  | N  | Y  | N  | N  | N  | N  |
===============================================================================
Presto compilation completed successfully.
Information: Building the design 'register'. (HDL-193)

Inferred memory devices in process
	in routine register line 19 in file
		'/home/IC/Projects/System//RTL/RegFile/register.v'.
===============================================================================
|    Register Name    |   Type    | Width | Bus | MB | AR | AS | SR | SS | ST |
===============================================================================
|    Reg_File_reg     | Flip-flop |  125  |  Y  | N  | Y  | N  | N  | N  | N  |
|    Reg_File_reg     | Flip-flop |   3   |  Y  | N  | N  | Y  | N  | N  | N  |
|  RdData_Valid_reg   | Flip-flop |   1   |  N  | N  | Y  | N  | N  | N  | N  |
|     RdData_reg      | Flip-flop |   8   |  Y  | N  | Y  | N  | N  | N  | N  |
===============================================================================
Statistics for MUX_OPs
===========================================================
| block name/line  | Inputs | Outputs | # sel inputs | MB |
===========================================================
|   register/41    |   16   |    8    |      4       | N  |
===========================================================
Presto compilation completed successfully.
Information: Building the design 'ALU'. (HDL-193)

Statistics for case statements in always block at line 26 in file
	'/home/IC/Projects/System//RTL/ALU/ALU.v'
===============================================
|           Line           |  full/ parallel  |
===============================================
|            32            |    auto/auto     |
===============================================

Inferred memory devices in process
	in routine ALU line 15 in file
		'/home/IC/Projects/System//RTL/ALU/ALU.v'.
===============================================================================
|    Register Name    |   Type    | Width | Bus | MB | AR | AS | SR | SS | ST |
===============================================================================
|     ALU_OUT_reg     | Flip-flop |  16   |  Y  | N  | Y  | N  | N  | N  | N  |
|    OUT_VALID_reg    | Flip-flop |   1   |  N  | N  | Y  | N  | N  | N  | N  |
===============================================================================
Presto compilation completed successfully.
Information: Building the design 'CLK_GATE'. (HDL-193)
Presto compilation completed successfully.
Information: Building the design 'FIFO_MEM_CNTRL'. (HDL-193)

Inferred memory devices in process
	in routine FIFO_MEM_CNTRL line 11 in file
		'/home/IC/Projects/System//RTL/ASYNC_FIFO/FIFO_MEM_CNTRL.v'.
===============================================================================
|    Register Name    |   Type    | Width | Bus | MB | AR | AS | SR | SS | ST |
===============================================================================
|    fifo_mem_reg     | Flip-flop |  64   |  Y  | N  | Y  | N  | N  | N  | N  |
===============================================================================
Statistics for MUX_OPs
============================================================
| block name/line   | Inputs | Outputs | # sel inputs | MB |
============================================================
| FIFO_MEM_CNTRL/22 |   8    |    8    |      3       | N  |
============================================================
Presto compilation completed successfully.
Information: Building the design 'FIFO_WR'. (HDL-193)

Inferred memory devices in process
	in routine FIFO_WR line 14 in file
		'/home/IC/Projects/System//RTL/ASYNC_FIFO/FIFO_WR.v'.
===============================================================================
|    Register Name    |   Type    | Width | Bus | MB | AR | AS | SR | SS | ST |
===============================================================================
|    waddr_ptr_reg    | Flip-flop |   4   |  Y  | N  | Y  | N  | N  | N  | N  |
===============================================================================

Inferred memory devices in process
	in routine FIFO_WR line 22 in file
		'/home/IC/Projects/System//RTL/ASYNC_FIFO/FIFO_WR.v'.
===============================================================================
|    Register Name    |   Type    | Width | Bus | MB | AR | AS | SR | SS | ST |
===============================================================================
|      wptr_reg       | Flip-flop |   4   |  Y  | N  | Y  | N  | N  | N  | N  |
===============================================================================
Presto compilation completed successfully.
Information: Building the design 'FIFO_RD'. (HDL-193)

Inferred memory devices in process
	in routine FIFO_RD line 14 in file
		'/home/IC/Projects/System//RTL/ASYNC_FIFO/FIFO_RD.v'.
===============================================================================
|    Register Name    |   Type    | Width | Bus | MB | AR | AS | SR | SS | ST |
===============================================================================
|    raddr_ptr_reg    | Flip-flop |   4   |  Y  | N  | Y  | N  | N  | N  | N  |
===============================================================================

Inferred memory devices in process
	in routine FIFO_RD line 22 in file
		'/home/IC/Projects/System//RTL/ASYNC_FIFO/FIFO_RD.v'.
===============================================================================
|    Register Name    |   Type    | Width | Bus | MB | AR | AS | SR | SS | ST |
===============================================================================
|      rptr_reg       | Flip-flop |   4   |  Y  | N  | Y  | N  | N  | N  | N  |
===============================================================================
Presto compilation completed successfully.
Information: Building the design 'DF_SYNC'. (HDL-193)

Inferred memory devices in process
	in routine DF_SYNC line 9 in file
		'/home/IC/Projects/System//RTL/ASYNC_FIFO/DF_SYNC.v'.
===============================================================================
|    Register Name    |   Type    | Width | Bus | MB | AR | AS | SR | SS | ST |
===============================================================================
|       ff_reg        | Flip-flop |   4   |  Y  | N  | Y  | N  | N  | N  | N  |
|    data_out_reg     | Flip-flop |   4   |  Y  | N  | Y  | N  | N  | N  | N  |
===============================================================================
Presto compilation completed successfully.
Information: Building the design 'UART_TX'. (HDL-193)
Presto compilation completed successfully.
Information: Building the design 'UART_RX'. (HDL-193)
Presto compilation completed successfully.
Information: Building the design 'fsm'. (HDL-193)

Statistics for case statements in always block at line 26 in file
	'/home/IC/Projects/System//RTL/UART/UART_TX/fsm.sv'
===============================================
|           Line           |  full/ parallel  |
===============================================
|            30            |    auto/auto     |
===============================================

Inferred memory devices in process
	in routine fsm line 18 in file
		'/home/IC/Projects/System//RTL/UART/UART_TX/fsm.sv'.
===============================================================================
|    Register Name    |   Type    | Width | Bus | MB | AR | AS | SR | SS | ST |
===============================================================================
|       PS_reg        | Flip-flop |   3   |  Y  | N  | Y  | N  | N  | N  | N  |
===============================================================================
Presto compilation completed successfully.
Information: Building the design 'serializer'. (HDL-193)

Inferred memory devices in process
	in routine serializer line 11 in file
		'/home/IC/Projects/System//RTL/UART/UART_TX/serializer.v'.
===============================================================================
|    Register Name    |   Type    | Width | Bus | MB | AR | AS | SR | SS | ST |
===============================================================================
|    ser_data_reg     | Flip-flop |   1   |  N  | N  | N  | Y  | N  | N  | N  |
|    ser_done_reg     | Flip-flop |   1   |  N  | N  | Y  | N  | N  | N  | N  |
|       cnt_reg       | Flip-flop |   4   |  Y  | N  | Y  | N  | N  | N  | N  |
|       REG_reg       | Flip-flop |   8   |  Y  | N  | N  | Y  | N  | N  | N  |
===============================================================================
Statistics for MUX_OPs
===========================================================
| block name/line  | Inputs | Outputs | # sel inputs | MB |
===========================================================
|  serializer/28   |   8    |    1    |      3       | N  |
===========================================================
Presto compilation completed successfully.
Information: Building the design 'parityCalc'. (HDL-193)

Inferred memory devices in process
	in routine parityCalc line 9 in file
		'/home/IC/Projects/System//RTL/UART/UART_TX/parityCalc.v'.
===============================================================================
|    Register Name    |   Type    | Width | Bus | MB | AR | AS | SR | SS | ST |
===============================================================================
|     xor_ip_reg      | Flip-flop |   8   |  Y  | N  | Y  | N  | N  | N  | N  |
===============================================================================
Presto compilation completed successfully.
Information: Building the design 'MUX'. (HDL-193)
Statistics for MUX_OPs
===========================================================
| block name/line  | Inputs | Outputs | # sel inputs | MB |
===========================================================
|      MUX/10      |   4    |    1    |      2       | N  |
===========================================================
Presto compilation completed successfully.
Information: Building the design 'FSM'. (HDL-193)

Statistics for case statements in always block at line 35 in file
	'/home/IC/Projects/System//RTL/UART/UART_RX/FSM.sv'
===============================================
|           Line           |  full/ parallel  |
===============================================
|            37            |    auto/auto     |
===============================================

Statistics for case statements in always block at line 96 in file
	'/home/IC/Projects/System//RTL/UART/UART_RX/FSM.sv'
===============================================
|           Line           |  full/ parallel  |
===============================================
|           106            |     no/auto      |
===============================================

Inferred memory devices in process
	in routine FSM line 25 in file
		'/home/IC/Projects/System//RTL/UART/UART_RX/FSM.sv'.
===============================================================================
|    Register Name    |   Type    | Width | Bus | MB | AR | AS | SR | SS | ST |
===============================================================================
|  current_state_reg  | Flip-flop |   3   |  Y  | N  | Y  | N  | N  | N  | N  |
===============================================================================
Presto compilation completed successfully.
Information: Building the design 'data_sampling'. (HDL-193)

Inferred memory devices in process
	in routine data_sampling line 15 in file
		'/home/IC/Projects/System//RTL/UART/UART_RX/data_sampling.v'.
===============================================================================
|    Register Name    |   Type    | Width | Bus | MB | AR | AS | SR | SS | ST |
===============================================================================
|      valid_reg      | Flip-flop |   1   |  N  | N  | Y  | N  | N  | N  | N  |
|     samples_reg     | Flip-flop |   3   |  Y  | N  | Y  | N  | N  | N  | N  |
===============================================================================
Presto compilation completed successfully.
Information: Building the design 'parity_check'. (HDL-193)

Inferred memory devices in process
	in routine parity_check line 19 in file
		'/home/IC/Projects/System//RTL/UART/UART_RX/parity_check.v'.
===============================================================================
|    Register Name    |   Type    | Width | Bus | MB | AR | AS | SR | SS | ST |
===============================================================================
|     par_err_reg     | Flip-flop |   1   |  N  | N  | Y  | N  | N  | N  | N  |
===============================================================================
Presto compilation completed successfully.
Information: Building the design 'strt_check'. (HDL-193)

Inferred memory devices in process
	in routine strt_check line 7 in file
		'/home/IC/Projects/System//RTL/UART/UART_RX/strt_check.v'.
===============================================================================
|    Register Name    |   Type    | Width | Bus | MB | AR | AS | SR | SS | ST |
===============================================================================
|   strt_glitch_reg   | Flip-flop |   1   |  N  | N  | Y  | N  | N  | N  | N  |
===============================================================================
Presto compilation completed successfully.
Information: Building the design 'stop_check'. (HDL-193)

Inferred memory devices in process
	in routine stop_check line 7 in file
		'/home/IC/Projects/System//RTL/UART/UART_RX/stop_check.v'.
===============================================================================
|    Register Name    |   Type    | Width | Bus | MB | AR | AS | SR | SS | ST |
===============================================================================
|     stp_err_reg     | Flip-flop |   1   |  N  | N  | Y  | N  | N  | N  | N  |
===============================================================================
Presto compilation completed successfully.
Information: Building the design 'edge_bit_counter'. (HDL-193)

Inferred memory devices in process
	in routine edge_bit_counter line 9 in file
		'/home/IC/Projects/System//RTL/UART/UART_RX/edge_bit_counter.v'.
===============================================================================
|    Register Name    |   Type    | Width | Bus | MB | AR | AS | SR | SS | ST |
===============================================================================
|    edge_cnt_reg     | Flip-flop |   6   |  Y  | N  | Y  | N  | N  | N  | N  |
|     bit_cnt_reg     | Flip-flop |   3   |  Y  | N  | Y  | N  | N  | N  | N  |
===============================================================================
Presto compilation completed successfully.
Information: Building the design 'deserializer'. (HDL-193)

Inferred memory devices in process
	in routine deserializer line 8 in file
		'/home/IC/Projects/System//RTL/UART/UART_RX/deserializer.v'.
===============================================================================
|    Register Name    |   Type    | Width | Bus | MB | AR | AS | SR | SS | ST |
===============================================================================
|     P_DATA_reg      | Flip-flop |   8   |  Y  | N  | Y  | N  | N  | N  | N  |
===============================================================================
Presto compilation completed successfully.
1
###################### Defining toplevel ###################################
current_design $top_module
Current design is 'SYS_TOP'.
{SYS_TOP}
#################### Liniking All The Design Parts #########################
puts "###############################################"
###############################################
puts "######## Liniking All The Design Parts ########"
######## Liniking All The Design Parts ########
puts "###############################################"
###############################################
link 

  Linking design 'SYS_TOP'
  Using the following designs and libraries:
  --------------------------------------------------------------------------
  * (29 designs)              /home/IC/Projects/System/Backend/Synthesis/SYS_TOP.db, etc
  scmetro_tsmc_cl013g_rvt_ss_1p08v_125c (library) /home/IC/tsmc_fb_cl013g_sc/aci/sc-m/synopsys/scmetro_tsmc_cl013g_rvt_ss_1p08v_125c.db
  scmetro_tsmc_cl013g_rvt_tt_1p2v_25c (library) /home/IC/tsmc_fb_cl013g_sc/aci/sc-m/synopsys/scmetro_tsmc_cl013g_rvt_tt_1p2v_25c.db
  scmetro_tsmc_cl013g_rvt_ff_1p32v_m40c (library) /home/IC/tsmc_fb_cl013g_sc/aci/sc-m/synopsys/scmetro_tsmc_cl013g_rvt_ff_1p32v_m40c.db

1
#################### Liniking All The Design Parts #########################
puts "###############################################"
###############################################
puts "######## checking design consistency ##########"
######## checking design consistency ##########
puts "###############################################"
###############################################
check_design >> reports/check_design.rpt
#################### Define Design Constraints #########################
puts "###############################################"
###############################################
puts "############ Design Constraints #### ##########"
############ Design Constraints #### ##########
puts "###############################################"
###############################################
source -echo ./cons.tcl
####################################################################################
# Constraints
# ----------------------------------------------------------------------------
#
# 0. Design Compiler variables
#
# 1. Master Clock Definitions
#
# 2. Generated Clock Definitions
#
# 3. Clock Uncertainties
#
# 4. Clock Latencies 
#
# 5. Clock Relationships
#
# 6. set input/output delay on ports
#
# 7. Driving cells
#
# 8. Output load
####################################################################################
#########################################################
#### Section 0 : DC Variables ####
#########################################################
#################################################################################### 
# Prevent assign statements in the generated netlist (must be applied before compile command)
set verilogout_no_tri true
set_fix_multiple_port_nets -all -buffer_constants -feedthroughs
####################################################################################
#########################################################
#### Section 1 : Clock Definition ####
#########################################################
#################################################################################### 
# 1. Master Clock Definitions 
# 2. Generated Clock Definitions
# 3. Clock Latencies
# 4. Clock Uncertainties
# 4. Clock Transitions
####################################################################################
#1. Master Clocks UART_CLK
set REF_CLK_NAME REF_CLK
set REF_CLK_PER 10
set UART_CLK_NAME UART_CLK
set UART_CLK_PER 271.26
set CLK_SETUP_SKEW 0.2
set CLK_HOLD_SKEW 0.1
create_clock -name $REF_CLK_NAME -period $REF_CLK_PER -waveform "0 [expr $REF_CLK_PER/2]" [get_ports REF_CLK]
set_clock_uncertainty -setup $CLK_SETUP_SKEW [get_clocks $REF_CLK_NAME]
set_clock_uncertainty -hold $CLK_HOLD_SKEW  [get_clocks $REF_CLK_NAME]
create_clock -name $UART_CLK_NAME -period $UART_CLK_PER -waveform "0 [expr $UART_CLK_PER/2]" [get_ports UART_CLK]
set_clock_uncertainty -setup $CLK_SETUP_SKEW [get_clocks $UART_CLK_NAME]
set_clock_uncertainty -hold $CLK_HOLD_SKEW  [get_clocks $UART_CLK_NAME]
#2. Generated clocks
create_generated_clock -master_clock $UART_CLK_NAME -source [get_ports UART_CLK]                        -name "RX_CLK" [get_port ClkDiv_RX_BLOCK/O_div_clk]                        -divide_by 1
create_generated_clock -master_clock $UART_CLK_NAME -source [get_ports UART_CLK]                        -name "TX_CLK" [get_port ClkDiv_TX_BLOCK/O_div_clk]                        -divide_by 32
create_generated_clock -master_clock $REF_CLK_NAME -source [get_ports REF_CLK]                        -name "ALU_CLK" [get_port CLK_GATE_BLOCK/GATED_CLK]                        -divide_by 1
set_clock_uncertainty -setup $CLK_SETUP_SKEW [get_clocks RX_CLK]
set_clock_uncertainty -hold $CLK_HOLD_SKEW  [get_clocks RX_CLK]
set_clock_uncertainty -setup $CLK_SETUP_SKEW [get_clocks TX_CLK]
set_clock_uncertainty -hold  $CLK_HOLD_SKEW  [get_clocks TX_CLK]
####################################################################################
#########################################################
#### Section 2 : Clocks Relationship ####
#########################################################
####################################################################################
set_clock_groups -asynchronous -group [get_clocks "$REF_CLK_NAME ALU_CLK"]                                 -group [get_clocks "$UART_CLK_NAME TX_CLK RX_CLK"]
####################################################################################
#########################################################
#### Section 3 : set input/output delay on ports ####
#########################################################
####################################################################################
set in1_delay  [expr 0.2*$UART_CLK_PER]
set out1_delay [expr 0.2*$UART_CLK_PER]
set out2_delay [expr 0.2*$UART_CLK_PER]
set_input_delay $in1_delay -clock "$UART_CLK_NAME" [get_port UART_RX_IN]
#Constrain Output Paths
set_output_delay $out2_delay -clock "TX_CLK" [get_port UART_TX_O]
set_output_delay $out1_delay -clock "RX_CLK" [get_port parity_error]
set_output_delay $out1_delay -clock "RX_CLK" [get_port framing_error]
####################################################################################
#########################################################
#### Section 4 : Driving cells ####
#########################################################
####################################################################################
set_driving_cell -library scmetro_tsmc_cl013g_rvt_ss_1p08v_125c -lib_cell BUFX2M -pin Y [get_port UART_RX_IN]
Warning: Design rule attributes from the driving cell will be
	set on the port. (UID-401)
####################################################################################
#########################################################
#### Section 5 : Output load ####
#########################################################
####################################################################################
set_load 0.5 [get_port UART_TX_O]
set_load 0.5 [get_port parity_error]
set_load 0.5 [get_port framing_error]
####################################################################################
#########################################################
#### Section 6 : Operating Condition ####
#########################################################
####################################################################################
# Define the Worst Library for Max(#setup) analysis
# Define the Best Library for Min(hold) analysis
set_operating_conditions -min_library "scmetro_tsmc_cl013g_rvt_ff_1p32v_m40c" -min "scmetro_tsmc_cl013g_rvt_ff_1p32v_m40c" -max_library "scmetro_tsmc_cl013g_rvt_ss_1p08v_125c" -max "scmetro_tsmc_cl013g_rvt_ss_1p08v_125c"
Using operating conditions 'scmetro_tsmc_cl013g_rvt_ss_1p08v_125c' found in library 'scmetro_tsmc_cl013g_rvt_ss_1p08v_125c'.
Using operating conditions 'scmetro_tsmc_cl013g_rvt_ff_1p32v_m40c' found in library 'scmetro_tsmc_cl013g_rvt_ff_1p32v_m40c'.
####################################################################################
#########################################################
#### Section 7 : wireload Model ####
#########################################################
####################################################################################
#set_wire_load_model -name tsmc13_wl10 -library scmetro_tsmc_cl013g_rvt_ss_1p08v_125c
####################################################################################
#########################################################
#### Section 8 : set_case_analysis ####
#########################################################
####################################################################################
####################################################################################
###################### Mapping and optimization ########################
puts "###############################################"
###############################################
puts "########## Mapping & Optimization #############"
########## Mapping & Optimization #############
puts "###############################################"
###############################################
compile 
Information: Evaluating DesignWare library utilization. (UISN-27)

============================================================================
| DesignWare Building Block Library  |         Version         | Available |
============================================================================
| Basic DW Building Blocks           | K-2015.06-DWBB_201506.0 |     *     |
| Licensed DW Building Blocks        |                         |           |
============================================================================


Information: There are 31 potential problems in your design. Please run 'check_design' for more information. (LINT-99)


Warning: Operating condition scmetro_tsmc_cl013g_rvt_ss_1p08v_125c set on design SYS_TOP has different process,
voltage and temperatures parameters than the parameters at which target library 
scmetro_tsmc_cl013g_rvt_tt_1p2v_25c is characterized. Delays may be inaccurate as a result. (OPT-998)

  Beginning Pass 1 Mapping
  ------------------------
  Processing 'CLK_GATE'
  Processing 'ALU'
  Processing 'register'
  Processing 'SYS_CTRL'
  Processing 'deserializer'
  Processing 'edge_bit_counter'
  Processing 'stop_check'
  Processing 'strt_check'
  Processing 'parity_check'
  Processing 'data_sampling'
  Processing 'FSM'
  Processing 'UART_RX'
  Processing 'MUX'
  Processing 'parityCalc'
  Processing 'serializer'
  Processing 'fsm'
  Processing 'UART_TX'
  Processing 'UART_TOP'
  Processing 'ClkDiv_0'
  Processing 'CLKDIV_MUX'
  Processing 'PULSE_GEN'
  Processing 'DF_SYNC_0'
  Processing 'FIFO_RD'
  Processing 'FIFO_WR'
  Processing 'FIFO_MEM_CNTRL'
  Processing 'FIFO_TOP'
  Processing 'Data_Sync'
  Processing 'RST_SYNC_0'
  Processing 'SYS_TOP'

  Updating timing information
Information: Updating design information... (UID-85)

  Beginning Implementation Selection
  ----------------------------------
  Processing 'ALU_DW_div_uns_0'
  Processing 'ALU_DW01_sub_0'
  Processing 'ALU_DW01_add_0'
  Processing 'ALU_DW01_cmp6_0'
  Processing 'edge_bit_counter_DW01_inc_0'
  Processing 'edge_bit_counter_DW01_cmp6_0'
  Processing 'edge_bit_counter_DW01_inc_1'
  Processing 'data_sampling_DW01_cmp6_0'
  Processing 'data_sampling_DW01_inc_0'
  Processing 'data_sampling_DW01_cmp6_1'
  Processing 'data_sampling_DW01_cmp6_2'
  Processing 'data_sampling_DW01_dec_0'
  Processing 'FSM_DW01_cmp6_0'
  Processing 'FSM_DW01_inc_0'
  Processing 'ClkDiv_1_DW01_inc_0'
  Processing 'ClkDiv_1_DW01_cmp6_0'
  Processing 'ClkDiv_1_DW01_inc_1'
  Processing 'ClkDiv_1_DW01_cmp6_1'
  Processing 'ClkDiv_1_DW01_dec_0'
  Processing 'ClkDiv_0_DW01_inc_0'
  Processing 'ClkDiv_0_DW01_cmp6_0'
  Processing 'ClkDiv_0_DW01_inc_1'
  Processing 'ClkDiv_0_DW01_cmp6_1'
  Processing 'ClkDiv_0_DW01_dec_0'
  Processing 'ALU_DW02_mult_0'
  Processing 'ALU_DW01_add_1'

  Beginning Mapping Optimizations  (Medium effort)
  -------------------------------
  Mapping Optimization (Phase 1)
  Mapping Optimization (Phase 2)

                                  TOTAL                                      
   ELAPSED            WORST NEG   SETUP    DESIGN                            
    TIME      AREA      SLACK     COST    RULE COST         ENDPOINT         
  --------- --------- --------- --------- --------- -------------------------
    0:00:04   44540.4      0.17       0.2       7.5                          
    0:00:04   44540.4      0.17       0.2       7.5                          
    0:00:04   44540.4      0.17       0.2       7.5                          
    0:00:04   44502.8      0.15       0.1       7.5                          
    0:00:04   44502.8      0.15       0.1       7.5                          
    0:00:04   23116.3      2.14       2.3       1.0                          
    0:00:05   23206.9      2.35       2.8       1.0                          
    0:00:05   23131.6      1.90       1.9       1.0                          
    0:00:05   23142.2      1.62       1.6       1.0                          
    0:00:05   23136.3      1.56       1.6       1.0                          
    0:00:05   23126.9      1.52       1.5       1.0                          
    0:00:05   23124.5      1.27       1.3       1.0                          
    0:00:05   23141.0      1.28       1.3       1.0                          
    0:00:05   23144.5      1.27       1.3       1.0                          
    0:00:05   23168.0      1.20       1.2       1.0                          
    0:00:05   23182.2      1.20       1.2       1.0                          
    0:00:05   23197.5      1.17       1.2       1.0                          
    0:00:05   23197.5      1.17       1.2       1.0                          
    0:00:05   23178.6      1.17       1.2       1.0                          
    0:00:05   23178.6      1.17       1.2       1.0                          
    0:00:05   23176.3      1.17       1.2       0.0                          
    0:00:05   23176.3      1.17       1.2       0.0                          
    0:00:05   23176.3      1.17       1.2       0.0                          
    0:00:05   23176.3      1.17       1.2       0.0                          
    0:00:05   23464.6      0.20       0.2       0.3 ALU_BLOCK/ALU_OUT_reg[0]/D
    0:00:05   23511.6      0.11       0.1       0.5                          



  Beginning Delay Optimization Phase
  ----------------------------------

                                  TOTAL                                      
   ELAPSED            WORST NEG   SETUP    DESIGN                            
    TIME      AREA      SLACK     COST    RULE COST         ENDPOINT         
  --------- --------- --------- --------- --------- -------------------------
    0:00:05   23511.6      0.11       0.1       0.5                          
    0:00:05   23659.9      0.00       0.0       1.3                          
    0:00:06   23630.5      0.00       0.0       8.5                          


  Beginning Design Rule Fixing  (max_transition)  (max_capacitance)
  ----------------------------

                                  TOTAL                                      
   ELAPSED            WORST NEG   SETUP    DESIGN                            
    TIME      AREA      SLACK     COST    RULE COST         ENDPOINT         
  --------- --------- --------- --------- --------- -------------------------
    0:00:06   23630.5      0.00       0.0       8.5                          
    0:00:06   23628.1      0.00       0.0       0.1 ALU_BLOCK/div_43/u_div/BInv[4]
    0:00:06   23628.1      0.00       0.0       0.0                          


  Beginning Area-Recovery Phase  (cleanup)
  -----------------------------

                                  TOTAL                                      
   ELAPSED            WORST NEG   SETUP    DESIGN                            
    TIME      AREA      SLACK     COST    RULE COST         ENDPOINT         
  --------- --------- --------- --------- --------- -------------------------
    0:00:06   23628.1      0.00       0.0       0.0                          
    0:00:06   23628.1      0.00       0.0       0.0                          
    0:00:06   23481.0      0.03       0.0       0.0                          
    0:00:06   23451.6      0.03       0.0       0.0                          
    0:00:06   23435.2      0.03       0.0       0.0                          
    0:00:06   23426.9      0.03       0.0       0.0                          
    0:00:06   23426.9      0.03       0.0       0.0                          
    0:00:06   23426.9      0.03       0.0       0.0                          
    0:00:06   23469.3      0.00       0.0       0.0                          
    0:00:06   22999.8      1.25       1.2       0.0                          
    0:00:06   22884.5      1.31       1.3       0.0                          
    0:00:06   22884.5      1.31       1.3       0.0                          
    0:00:06   22884.5      1.31       1.3       0.0                          
    0:00:06   22884.5      1.31       1.3       0.0                          
    0:00:06   22884.5      1.31       1.3       0.0                          
    0:00:06   22884.5      1.31       1.3       0.0                          
    0:00:06   23322.2      0.03       0.0       0.0 ALU_BLOCK/ALU_OUT_reg[0]/D
    0:00:06   23364.6      0.00       0.0       0.0                          
Loading db file '/home/IC/tsmc_fb_cl013g_sc/aci/sc-m/synopsys/scmetro_tsmc_cl013g_rvt_ss_1p08v_125c.db'
Loading db file '/home/IC/tsmc_fb_cl013g_sc/aci/sc-m/synopsys/scmetro_tsmc_cl013g_rvt_tt_1p2v_25c.db'
Loading db file '/home/IC/tsmc_fb_cl013g_sc/aci/sc-m/synopsys/scmetro_tsmc_cl013g_rvt_ff_1p32v_m40c.db'


Note: Symbol # after min delay cost means estimated hold TNS across all active scenarios 


  Optimization Complete
  ---------------------
1
##################### Close Formality Setup file ###########################
set_svf -off
1
#############################################################################
# Write out files
#############################################################################
write_file -format verilog -hierarchy -output netlists/$top_module.ddc
Writing verilog file '/home/IC/Projects/System/Backend/Synthesis/netlists/SYS_TOP.ddc'.
Warning: Verilog 'assign' or 'tran' statements are written out. (VO-4)
Warning: Verilog writer has added 4 nets to module SYS_TOP using SYNOPSYS_UNCONNECTED_ as prefix.  Please use the change_names command to make the correct changes before invoking the verilog writer.  (VO-11)
1
write_file -format verilog -hierarchy -output netlists/$top_module.v
Writing verilog file '/home/IC/Projects/System/Backend/Synthesis/netlists/SYS_TOP.v'.
Warning: Verilog 'assign' or 'tran' statements are written out. (VO-4)
Warning: Verilog writer has added 4 nets to module SYS_TOP using SYNOPSYS_UNCONNECTED_ as prefix.  Please use the change_names command to make the correct changes before invoking the verilog writer.  (VO-11)
1
write_sdf  sdf/$top_module.sdf
Information: Annotated 'cell' delays are assumed to include load delay. (UID-282)
Information: Writing timing information to file '/home/IC/Projects/System/Backend/Synthesis/sdf/SYS_TOP.sdf'. (WT-3)
Information: Updating design information... (UID-85)
1
write_sdc  -nosplit sdc/$top_module.sdc
1
####################### reporting ##########################################
report_area -hierarchy > reports/area.rpt
report_power -hierarchy > reports/power.rpt
report_timing -delay_type min -max_paths 20 > reports/hold.rpt
report_timing -delay_type max -max_paths 20 > reports/setup.rpt
report_clock -attributes > reports/clocks.rpt
report_constraint -all_violators -nosplit > reports/constraints.rpt
############################################################################
# DFT Preparation Section
############################################################################
set flops_per_chain 100
100
set num_flops [sizeof_collection [all_registers -edge_triggered]]
342
set num_chains [expr $num_flops / $flops_per_chain + 1 ]
4
################# starting graphical user interface #######################
#gui_start
#exit
dc_shell> 